<?xml version="1.0" encoding="UTF-8"?>
<testsuite xmlns:xsi="http://www.w3.org/2001/XMLSchema-instance" xsi:noNamespaceSchemaLocation="https://maven.apache.org/surefire/maven-surefire-plugin/xsd/surefire-test-report.xsd" version="3.0.2" name="com.javanauta.todo_app.TodoAppApplicationTests" time="9.041" tests="1" errors="0" skipped="0" failures="0">
  <properties>
[...]
</properties>
  <testcase name="contextLoads" classname="com.javanauta.todo_app.TodoAppApplicationTests" time="0.766">
    <system-out><![CDATA[17:15:04.742 [main] INFO org.springframework.test.context.support.AnnotationConfigContextLoaderUtils -- Could not detect default configuration classes for test class [com.javanauta.todo_app.TodoAppApplicationTests]: TodoAppApplicationTests does not declare any static, non-private, non-final, nested classes annotated with @Configuration.
17:15:04.936 [main] INFO org.springframework.boot.test.context.SpringBootTestContextBootstrapper -- Found @SpringBootConfiguration com.javanauta.todo_app.TodoAppApplication for test class com.javanauta.todo_app.TodoAppApplicationTests

  .   ____          _            __ _ _
 /\\ / ___'_ __ _ _(_)_ __  __ _ \ \ \ \
( ( )\___ | '_ | '_| | '_ \/ _` | \ \ \ \
 \\/  ___)| |_)| | | | | || (_| |  ) ) ) )
  '  |____| .__|_| |_|_| |_\__, | / / / /
 =========|_|==============|___/=/_/_/_/

 :: Spring Boot ::                (v3.5.0)

2026-04-26T17:15:05.702-03:00  INFO 13704 --- [todo-app] [           main] c.j.todo_app.TodoAppApplicationTests     : Starting TodoAppApplicationTests using Java 25.0.1 with PID 13704 (started by Windows11 in C:\Users\Windows11\Documents\GitHub\java-expert\todo-app)
2026-04-26T17:15:05.704-03:00  INFO 13704 --- [todo-app] [           main] c.j.todo_app.TodoAppApplicationTests     : No active profile set, falling back to 1 default profile: "default"
2026-04-26T17:15:06.871-03:00  INFO 13704 --- [todo-app] [           main] .s.d.r.c.RepositoryConfigurationDelegate : Bootstrapping Spring Data JPA repositories in DEFAULT mode.
2026-04-26T17:15:06.963-03:00  INFO 13704 --- [todo-app] [           main] .s.d.r.c.RepositoryConfigurationDelegate : Finished Spring Data repository scanning in 76 ms. Found 1 JPA repository interface.
2026-04-26T17:15:07.727-03:00  INFO 13704 --- [todo-app] [           main] o.hibernate.jpa.internal.util.LogHelper  : HHH000204: Processing PersistenceUnitInfo [name: default]
2026-04-26T17:15:07.867-03:00  INFO 13704 --- [todo-app] [           main] org.hibernate.Version                    : HHH000412: Hibernate ORM core version 6.6.15.Final
2026-04-26T17:15:07.944-03:00  INFO 13704 --- [todo-app] [           main] o.h.c.internal.RegionFactoryInitiator    : HHH000026: Second-level cache disabled
2026-04-26T17:15:08.655-03:00  INFO 13704 --- [todo-app] [           main] o.s.o.j.p.SpringPersistenceUnitInfo      : No LoadTimeWeaver setup: ignoring JPA class transformer
2026-04-26T17:15:08.712-03:00  INFO 13704 --- [todo-app] [           main] com.zaxxer.hikari.HikariDataSource       : HikariPool-1 - Starting...
2026-04-26T17:15:09.071-03:00  INFO 13704 --- [todo-app] [           main] com.zaxxer.hikari.pool.HikariPool        : HikariPool-1 - Added connection conn0: url=jdbc:h2:mem:tododb user=SA
2026-04-26T17:15:09.074-03:00  INFO 13704 --- [todo-app] [           main] com.zaxxer.hikari.HikariDataSource       : HikariPool-1 - Start completed.
2026-04-26T17:15:09.129-03:00  WARN 13704 --- [todo-app] [           main] org.hibernate.orm.deprecation            : HHH90000025: H2Dialect does not need to be specified explicitly using 'hibernate.dialect' (remove the property setting and it will be selected by default)
2026-04-26T17:15:09.172-03:00  INFO 13704 --- [todo-app] [           main] org.hibernate.orm.connections.pooling    : HHH10001005: Database info:
	Database JDBC URL [Connecting through datasource 'HikariDataSource (HikariPool-1)']
	Database driver: undefined/unknown
	Database version: 2.3.232
	Autocommit mode: undefined/unknown
	Isolation level: undefined/unknown
	Minimum pool size: undefined/unknown
	Maximum pool size: undefined/unknown
Hibernate: create global temporary table HTE_todo(concluido boolean, rn_ integer not null, data_criacao timestamp(6), data_limite timestamp(6), id bigint, descricao varchar(255), titulo varchar(255), primary key (rn_)) TRANSACTIONAL
2026-04-26T17:15:10.892-03:00  INFO 13704 --- [todo-app] [           main] o.h.e.t.j.p.i.JtaPlatformInitiator       : HHH000489: No JTA platform available (set 'hibernate.transaction.jta.platform' to enable JTA platform integration)
Hibernate: drop table if exists todo cascade 
Hibernate: drop sequence if exists todo_seq
Hibernate: create sequence todo_seq start with 1 increment by 50
Hibernate: create table todo (concluido boolean not null, data_criacao timestamp(6) not null, data_limite timestamp(6), id bigint not null, descricao varchar(255), titulo varchar(255) not null, primary key (id))
2026-04-26T17:15:10.953-03:00  INFO 13704 --- [todo-app] [           main] j.LocalContainerEntityManagerFactoryBean : Initialized JPA EntityManagerFactory for persistence unit 'default'
2026-04-26T17:15:11.973-03:00  WARN 13704 --- [todo-app] [           main] JpaBaseConfiguration$JpaWebConfiguration : spring.jpa.open-in-view is enabled by default. Therefore, database queries may be performed during view rendering. Explicitly configure spring.jpa.open-in-view to disable this warning
2026-04-26T17:15:12.609-03:00  INFO 13704 --- [todo-app] [           main] o.s.b.a.h2.H2ConsoleAutoConfiguration    : H2 console available at '/h2-console'. Database available at 'jdbc:h2:mem:tododb'
2026-04-26T17:15:12.727-03:00  INFO 13704 --- [todo-app] [           main] c.j.todo_app.TodoAppApplicationTests     : Started TodoAppApplicationTests in 7.521 seconds (process running for 9.316)
]]></system-out>
    <system-err><![CDATA[Mockito is currently self-attaching to enable the inline-mock-maker. This will no longer work in future releases of the JDK. Please add Mockito as an agent to your build as described in Mockito's documentation: https://javadoc.io/doc/org.mockito/mockito-core/latest/org.mockito/org/mockito/Mockito.html#0.3
WARNING: A Java agent has been loaded dynamically (C:\Users\Windows11\.m2\repository\net\bytebuddy\byte-buddy-agent\1.17.5\byte-buddy-agent-1.17.5.jar)
WARNING: If a serviceability tool is in use, please run with -XX:+EnableDynamicAgentLoading to hide this warning
WARNING: If a serviceability tool is not in use, please run with -Djdk.instrument.traceUsage for more information
WARNING: Dynamic loading of agents will be disallowed by default in a future release
]]></system-err>
  </testcase>
</testsuite>